This is pdfTeX, Version 3.1415926-2.5-1.40.14 (MiKTeX 2.9) (preloaded format=pdflatex 2015.5.4)  7 MAY 2015 15:11
entering extended mode
**THESIS.tex
(C:\Users\MPeter\git2\SRTNLGRTHMS\DOCUMENTATION\THESIS.tex
LaTeX2e <2011/06/27>
Babel <v3.8m> and hyphenation patterns for english, afrikaans, ancientgreek, ar
abic, armenian, assamese, basque, bengali, bokmal, bulgarian, catalan, coptic, 
croatian, czech, danish, dutch, esperanto, estonian, farsi, finnish, french, ga
lician, german, german-x-2013-05-26, greek, gujarati, hindi, hungarian, iceland
ic, indonesian, interlingua, irish, italian, kannada, kurmanji, latin, latvian,
 lithuanian, malayalam, marathi, mongolian, mongolianlmc, monogreek, ngerman, n
german-x-2013-05-26, nynorsk, oriya, panjabi, pinyin, polish, portuguese, roman
ian, russian, sanskrit, serbian, slovak, slovenian, spanish, swedish, swissgerm
an, tamil, telugu, turkish, turkmen, ukenglish, ukrainian, uppersorbian, usengl
ishmax, welsh, loaded.
(C:\Users\MPeter\git2\SRTNLGRTHMS\DOCUMENTATION\elteikthesis.cls
Document Class: elteikthesis 2010/09/18 v1.2 class for ELTE/IK thesis
("C:\Program Files (x86)\MiKTeX 2.9\tex\latex\base\book.cls"
Document Class: book 2007/10/19 v1.4h Standard LaTeX document class
("C:\Program Files (x86)\MiKTeX 2.9\tex\latex\base\bk12.clo"
File: bk12.clo 2007/10/19 v1.4h Standard LaTeX file (size option)
)
\c@part=\count79
\c@chapter=\count80
\c@section=\count81
\c@subsection=\count82
\c@subsubsection=\count83
\c@paragraph=\count84
\c@subparagraph=\count85
\c@figure=\count86
\c@table=\count87
\abovecaptionskip=\skip41
\belowcaptionskip=\skip42
\bibindent=\dimen102
)
("C:\Program Files (x86)\MiKTeX 2.9\tex\latex\graphics\graphicx.sty"
Package: graphicx 1999/02/16 v1.0f Enhanced LaTeX Graphics (DPC,SPQR)

("C:\Program Files (x86)\MiKTeX 2.9\tex\latex\graphics\keyval.sty"
Package: keyval 1999/03/16 v1.13 key=value parser (DPC)
\KV@toks@=\toks14
)
("C:\Program Files (x86)\MiKTeX 2.9\tex\latex\graphics\graphics.sty"
Package: graphics 2009/02/05 v1.0o Standard LaTeX Graphics (DPC,SPQR)

("C:\Program Files (x86)\MiKTeX 2.9\tex\latex\graphics\trig.sty"
Package: trig 1999/03/16 v1.09 sin cos tan (DPC)
)
("C:\Program Files (x86)\MiKTeX 2.9\tex\latex\00miktex\graphics.cfg"
File: graphics.cfg 2007/01/18 v1.5 graphics configuration of teTeX/TeXLive
)
Package graphics Info: Driver file: pdftex.def on input line 91.

("C:\Program Files (x86)\MiKTeX 2.9\tex\latex\pdftex-def\pdftex.def"
File: pdftex.def 2011/05/27 v0.06d Graphics/color for pdfTeX

("C:\Program Files (x86)\MiKTeX 2.9\tex\generic\oberdiek\infwarerr.sty"
Package: infwarerr 2010/04/08 v1.3 Providing info/warning/error messages (HO)
)
("C:\Program Files (x86)\MiKTeX 2.9\tex\generic\oberdiek\ltxcmds.sty"
Package: ltxcmds 2011/11/09 v1.22 LaTeX kernel commands for general use (HO)
)
\Gread@gobject=\count88
))
\Gin@req@height=\dimen103
\Gin@req@width=\dimen104
)
("C:\Program Files (x86)\MiKTeX 2.9\tex\latex\geometry\geometry.sty"
Package: geometry 2010/09/12 v5.6 Page Geometry

("C:\Program Files (x86)\MiKTeX 2.9\tex\generic\oberdiek\ifpdf.sty"
Package: ifpdf 2011/01/30 v2.3 Provides the ifpdf switch (HO)
Package ifpdf Info: pdfTeX in PDF mode is detected.
)
("C:\Program Files (x86)\MiKTeX 2.9\tex\generic\oberdiek\ifvtex.sty"
Package: ifvtex 2010/03/01 v1.5 Detect VTeX and its facilities (HO)
Package ifvtex Info: VTeX not detected.
)
("C:\Program Files (x86)\MiKTeX 2.9\tex\generic\ifxetex\ifxetex.sty"
Package: ifxetex 2010/09/12 v0.6 Provides ifxetex conditional
)
\Gm@cnth=\count89
\Gm@cntv=\count90
\c@Gm@tempcnt=\count91
\Gm@bindingoffset=\dimen105
\Gm@wd@mp=\dimen106
\Gm@odd@mp=\dimen107
\Gm@even@mp=\dimen108
\Gm@layoutwidth=\dimen109
\Gm@layoutheight=\dimen110
\Gm@layouthoffset=\dimen111
\Gm@layoutvoffset=\dimen112
\Gm@dimlist=\toks15

("C:\Program Files (x86)\MiKTeX 2.9\tex\latex\geometry\geometry.cfg"))
("C:\Program Files (x86)\MiKTeX 2.9\tex\latex\setspace\setspace.sty"
Package: setspace 2011/12/19 v6.7a set line spacing
))
("C:\Program Files (x86)\MiKTeX 2.9\tex\latex\url\url.sty"
\Urlmuskip=\muskip10
Package: url 2013/09/16  ver 3.4  Verb mode for urls, etc.
)
("C:\Program Files (x86)\MiKTeX 2.9\tex\latex\fancyhdr\fancyhdr.sty"
\fancy@headwidth=\skip43
\f@ncyO@elh=\skip44
\f@ncyO@erh=\skip45
\f@ncyO@olh=\skip46
\f@ncyO@orh=\skip47
\f@ncyO@elf=\skip48
\f@ncyO@erf=\skip49
\f@ncyO@olf=\skip50
\f@ncyO@orf=\skip51
)
("C:\Program Files (x86)\MiKTeX 2.9\tex\latex\tools\indentfirst.sty"
Package: indentfirst 1995/11/23 v1.03 Indent first paragraph (DPC)
)
("C:\Program Files (x86)\MiKTeX 2.9\tex\latex\enumitem\enumitem.sty"
Package: enumitem 2011/09/28 v3.5.2 Customized lists
\labelindent=\skip52
\enit@outerparindent=\dimen113
\enit@toks=\toks16
\enit@inbox=\box26
\enitdp@description=\count92
)
("C:\Program Files (x86)\MiKTeX 2.9\tex\latex\ucs\ucs.sty"
Package: ucs 2013/05/11 v2.2 UCS: Unicode input support

("C:\Program Files (x86)\MiKTeX 2.9\tex\latex\ucs\uni-global.def"
File: uni-global.def 2013/05/13 UCS: Unicode global data
)
\uc@secondtry=\count93
\uc@combtoks=\toks17
\uc@combtoksb=\toks18
\uc@temptokena=\toks19
)
("C:\Program Files (x86)\MiKTeX 2.9\tex\latex\xcolor\xcolor.sty"
Package: xcolor 2007/01/21 v2.11 LaTeX color extensions (UK)

("C:\Program Files (x86)\MiKTeX 2.9\tex\latex\00miktex\color.cfg"
File: color.cfg 2007/01/18 v1.5 color configuration of teTeX/TeXLive
)
Package xcolor Info: Driver file: pdftex.def on input line 225.
Package xcolor Info: Model `cmy' substituted by `cmy0' on input line 1337.
Package xcolor Info: Model `hsb' substituted by `rgb' on input line 1341.
Package xcolor Info: Model `RGB' extended on input line 1353.
Package xcolor Info: Model `HTML' substituted by `rgb' on input line 1355.
Package xcolor Info: Model `Hsb' substituted by `hsb' on input line 1356.
Package xcolor Info: Model `tHsb' substituted by `hsb' on input line 1357.
Package xcolor Info: Model `HSB' substituted by `hsb' on input line 1358.
Package xcolor Info: Model `Gray' substituted by `gray' on input line 1359.
Package xcolor Info: Model `wave' substituted by `hsb' on input line 1360.
)
("C:\Program Files (x86)\MiKTeX 2.9\tex\latex\float\float.sty"
Package: float 2001/11/08 v1.3d Float enhancements (AL)
\c@float@type=\count94
\float@exts=\toks20
\float@box=\box27
\@float@everytoks=\toks21
\@floatcapt=\box28
)
("C:\Program Files (x86)\MiKTeX 2.9\tex\latex\base\inputenc.sty"
Package: inputenc 2008/03/30 v1.1d Input encoding file
\inpenc@prehook=\toks22
\inpenc@posthook=\toks23

("C:\Program Files (x86)\MiKTeX 2.9\tex\latex\base\utf8.def"
File: utf8.def 2008/04/05 v1.1m UTF-8 support for inputenc
Now handling font encoding OML ...
... no UTF-8 mapping file for font encoding OML
Now handling font encoding T1 ...
... processing UTF-8 mapping file for font encoding T1

("C:\Program Files (x86)\MiKTeX 2.9\tex\latex\base\t1enc.dfu"
File: t1enc.dfu 2008/04/05 v1.1m UTF-8 support for inputenc
   defining Unicode char U+00A1 (decimal 161)
   defining Unicode char U+00A3 (decimal 163)
   defining Unicode char U+00AB (decimal 171)
   defining Unicode char U+00BB (decimal 187)
   defining Unicode char U+00BF (decimal 191)
   defining Unicode char U+00C0 (decimal 192)
   defining Unicode char U+00C1 (decimal 193)
   defining Unicode char U+00C2 (decimal 194)
   defining Unicode char U+00C3 (decimal 195)
   defining Unicode char U+00C4 (decimal 196)
   defining Unicode char U+00C5 (decimal 197)
   defining Unicode char U+00C6 (decimal 198)
   defining Unicode char U+00C7 (decimal 199)
   defining Unicode char U+00C8 (decimal 200)
   defining Unicode char U+00C9 (decimal 201)
   defining Unicode char U+00CA (decimal 202)
   defining Unicode char U+00CB (decimal 203)
   defining Unicode char U+00CC (decimal 204)
   defining Unicode char U+00CD (decimal 205)
   defining Unicode char U+00CE (decimal 206)
   defining Unicode char U+00CF (decimal 207)
   defining Unicode char U+00D0 (decimal 208)
   defining Unicode char U+00D1 (decimal 209)
   defining Unicode char U+00D2 (decimal 210)
   defining Unicode char U+00D3 (decimal 211)
   defining Unicode char U+00D4 (decimal 212)
   defining Unicode char U+00D5 (decimal 213)
   defining Unicode char U+00D6 (decimal 214)
   defining Unicode char U+00D8 (decimal 216)
   defining Unicode char U+00D9 (decimal 217)
   defining Unicode char U+00DA (decimal 218)
   defining Unicode char U+00DB (decimal 219)
   defining Unicode char U+00DC (decimal 220)
   defining Unicode char U+00DD (decimal 221)
   defining Unicode char U+00DE (decimal 222)
   defining Unicode char U+00DF (decimal 223)
   defining Unicode char U+00E0 (decimal 224)
   defining Unicode char U+00E1 (decimal 225)
   defining Unicode char U+00E2 (decimal 226)
   defining Unicode char U+00E3 (decimal 227)
   defining Unicode char U+00E4 (decimal 228)
   defining Unicode char U+00E5 (decimal 229)
   defining Unicode char U+00E6 (decimal 230)
   defining Unicode char U+00E7 (decimal 231)
   defining Unicode char U+00E8 (decimal 232)
   defining Unicode char U+00E9 (decimal 233)
   defining Unicode char U+00EA (decimal 234)
   defining Unicode char U+00EB (decimal 235)
   defining Unicode char U+00EC (decimal 236)
   defining Unicode char U+00ED (decimal 237)
   defining Unicode char U+00EE (decimal 238)
   defining Unicode char U+00EF (decimal 239)
   defining Unicode char U+00F0 (decimal 240)
   defining Unicode char U+00F1 (decimal 241)
   defining Unicode char U+00F2 (decimal 242)
   defining Unicode char U+00F3 (decimal 243)
   defining Unicode char U+00F4 (decimal 244)
   defining Unicode char U+00F5 (decimal 245)
   defining Unicode char U+00F6 (decimal 246)
   defining Unicode char U+00F8 (decimal 248)
   defining Unicode char U+00F9 (decimal 249)
   defining Unicode char U+00FA (decimal 250)
   defining Unicode char U+00FB (decimal 251)
   defining Unicode char U+00FC (decimal 252)
   defining Unicode char U+00FD (decimal 253)
   defining Unicode char U+00FE (decimal 254)
   defining Unicode char U+00FF (decimal 255)
   defining Unicode char U+0102 (decimal 258)
   defining Unicode char U+0103 (decimal 259)
   defining Unicode char U+0104 (decimal 260)
   defining Unicode char U+0105 (decimal 261)
   defining Unicode char U+0106 (decimal 262)
   defining Unicode char U+0107 (decimal 263)
   defining Unicode char U+010C (decimal 268)
   defining Unicode char U+010D (decimal 269)
   defining Unicode char U+010E (decimal 270)
   defining Unicode char U+010F (decimal 271)
   defining Unicode char U+0110 (decimal 272)
   defining Unicode char U+0111 (decimal 273)
   defining Unicode char U+0118 (decimal 280)
   defining Unicode char U+0119 (decimal 281)
   defining Unicode char U+011A (decimal 282)
   defining Unicode char U+011B (decimal 283)
   defining Unicode char U+011E (decimal 286)
   defining Unicode char U+011F (decimal 287)
   defining Unicode char U+0130 (decimal 304)
   defining Unicode char U+0131 (decimal 305)
   defining Unicode char U+0132 (decimal 306)
   defining Unicode char U+0133 (decimal 307)
   defining Unicode char U+0139 (decimal 313)
   defining Unicode char U+013A (decimal 314)
   defining Unicode char U+013D (decimal 317)
   defining Unicode char U+013E (decimal 318)
   defining Unicode char U+0141 (decimal 321)
   defining Unicode char U+0142 (decimal 322)
   defining Unicode char U+0143 (decimal 323)
   defining Unicode char U+0144 (decimal 324)
   defining Unicode char U+0147 (decimal 327)
   defining Unicode char U+0148 (decimal 328)
   defining Unicode char U+014A (decimal 330)
   defining Unicode char U+014B (decimal 331)
   defining Unicode char U+0150 (decimal 336)
   defining Unicode char U+0151 (decimal 337)
   defining Unicode char U+0152 (decimal 338)
   defining Unicode char U+0153 (decimal 339)
   defining Unicode char U+0154 (decimal 340)
   defining Unicode char U+0155 (decimal 341)
   defining Unicode char U+0158 (decimal 344)
   defining Unicode char U+0159 (decimal 345)
   defining Unicode char U+015A (decimal 346)
   defining Unicode char U+015B (decimal 347)
   defining Unicode char U+015E (decimal 350)
   defining Unicode char U+015F (decimal 351)
   defining Unicode char U+0160 (decimal 352)
   defining Unicode char U+0161 (decimal 353)
   defining Unicode char U+0162 (decimal 354)
   defining Unicode char U+0163 (decimal 355)
   defining Unicode char U+0164 (decimal 356)
   defining Unicode char U+0165 (decimal 357)
   defining Unicode char U+016E (decimal 366)
   defining Unicode char U+016F (decimal 367)
   defining Unicode char U+0170 (decimal 368)
   defining Unicode char U+0171 (decimal 369)
   defining Unicode char U+0178 (decimal 376)
   defining Unicode char U+0179 (decimal 377)
   defining Unicode char U+017A (decimal 378)
   defining Unicode char U+017B (decimal 379)
   defining Unicode char U+017C (decimal 380)
   defining Unicode char U+017D (decimal 381)
   defining Unicode char U+017E (decimal 382)
   defining Unicode char U+200C (decimal 8204)
   defining Unicode char U+2013 (decimal 8211)
   defining Unicode char U+2014 (decimal 8212)
   defining Unicode char U+2018 (decimal 8216)
   defining Unicode char U+2019 (decimal 8217)
   defining Unicode char U+201A (decimal 8218)
   defining Unicode char U+201C (decimal 8220)
   defining Unicode char U+201D (decimal 8221)
   defining Unicode char U+201E (decimal 8222)
   defining Unicode char U+2030 (decimal 8240)
   defining Unicode char U+2031 (decimal 8241)
   defining Unicode char U+2039 (decimal 8249)
   defining Unicode char U+203A (decimal 8250)
   defining Unicode char U+2423 (decimal 9251)
)
Now handling font encoding OT1 ...
... processing UTF-8 mapping file for font encoding OT1

("C:\Program Files (x86)\MiKTeX 2.9\tex\latex\base\ot1enc.dfu"
File: ot1enc.dfu 2008/04/05 v1.1m UTF-8 support for inputenc
   defining Unicode char U+00A1 (decimal 161)
   defining Unicode char U+00A3 (decimal 163)
   defining Unicode char U+00B8 (decimal 184)
   defining Unicode char U+00BF (decimal 191)
   defining Unicode char U+00C5 (decimal 197)
   defining Unicode char U+00C6 (decimal 198)
   defining Unicode char U+00D8 (decimal 216)
   defining Unicode char U+00DF (decimal 223)
   defining Unicode char U+00E6 (decimal 230)
   defining Unicode char U+00EC (decimal 236)
   defining Unicode char U+00ED (decimal 237)
   defining Unicode char U+00EE (decimal 238)
   defining Unicode char U+00EF (decimal 239)
   defining Unicode char U+00F8 (decimal 248)
   defining Unicode char U+0131 (decimal 305)
   defining Unicode char U+0141 (decimal 321)
   defining Unicode char U+0142 (decimal 322)
   defining Unicode char U+0152 (decimal 338)
   defining Unicode char U+0153 (decimal 339)
   defining Unicode char U+2013 (decimal 8211)
   defining Unicode char U+2014 (decimal 8212)
   defining Unicode char U+2018 (decimal 8216)
   defining Unicode char U+2019 (decimal 8217)
   defining Unicode char U+201C (decimal 8220)
   defining Unicode char U+201D (decimal 8221)
)
Now handling font encoding OMS ...
... processing UTF-8 mapping file for font encoding OMS

("C:\Program Files (x86)\MiKTeX 2.9\tex\latex\base\omsenc.dfu"
File: omsenc.dfu 2008/04/05 v1.1m UTF-8 support for inputenc
   defining Unicode char U+00A7 (decimal 167)
   defining Unicode char U+00B6 (decimal 182)
   defining Unicode char U+00B7 (decimal 183)
   defining Unicode char U+2020 (decimal 8224)
   defining Unicode char U+2021 (decimal 8225)
   defining Unicode char U+2022 (decimal 8226)
)
Now handling font encoding OMX ...
... no UTF-8 mapping file for font encoding OMX
Now handling font encoding U ...
... no UTF-8 mapping file for font encoding U
   defining Unicode char U+00A9 (decimal 169)
   defining Unicode char U+00AA (decimal 170)
   defining Unicode char U+00AE (decimal 174)
   defining Unicode char U+00BA (decimal 186)
   defining Unicode char U+02C6 (decimal 710)
   defining Unicode char U+02DC (decimal 732)
   defining Unicode char U+200C (decimal 8204)
   defining Unicode char U+2026 (decimal 8230)
   defining Unicode char U+2122 (decimal 8482)
   defining Unicode char U+2423 (decimal 9251)
))
("C:\Program Files (x86)\MiKTeX 2.9\tex\latex\tocbibind\tocbibind.sty"
Package: tocbibind 2010/10/13 v1.5k extra ToC listings
Package tocbibind Info: The document has chapter divisions on input line 50.


Package tocbibind Note: Using chapter style headings, unless overridden.

) ("C:\Program Files (x86)\MiKTeX 2.9\tex\latex\base\fontenc.sty"
Package: fontenc 2005/09/27 v1.99g Standard LaTeX package

("C:\Program Files (x86)\MiKTeX 2.9\tex\latex\base\t1enc.def"
File: t1enc.def 2005/09/27 v1.99g Standard LaTeX file
LaTeX Font Info:    Redeclaring font encoding T1 on input line 43.
))
("C:\Program Files (x86)\MiKTeX 2.9\tex\generic\babel\babel.sty"
Package: babel 2008/07/08 v3.8m The Babel package

*************************************
* Local config file bblopts.cfg used
*
("C:\Program Files (x86)\MiKTeX 2.9\tex\latex\00miktex\bblopts.cfg"
File: bblopts.cfg 2006/07/31 v1.0 MiKTeX 'babel' configuration
)
("C:\Program Files (x86)\MiKTeX 2.9\tex\generic\babel\english.ldf"
Language: english 2005/03/30 v3.3o English support from the babel system

("C:\Program Files (x86)\MiKTeX 2.9\tex\generic\babel\babel.def"
File: babel.def 2008/07/08 v3.8m Babel common definitions
\babel@savecnt=\count95
\U@D=\dimen114
)
\l@canadian = a dialect from \language\l@american 
\l@australian = a dialect from \language\l@british 
\l@newzealand = a dialect from \language\l@british 
)
("C:\Program Files (x86)\MiKTeX 2.9\tex\generic\babel\magyar.ldf"
Language: magyar 2005/03/30 v1.4j Magyar support from the babel system
Package babel Info: Making ` an active character on input line 597.
))
(C:\Users\MPeter\git2\SRTNLGRTHMS\DOCUMENTATION\THESIS.aux)
LaTeX Font Info:    Checking defaults for OML/cmm/m/it on input line 32.
LaTeX Font Info:    ... okay on input line 32.
LaTeX Font Info:    Checking defaults for T1/cmr/m/n on input line 32.
LaTeX Font Info:    ... okay on input line 32.
LaTeX Font Info:    Checking defaults for OT1/cmr/m/n on input line 32.
LaTeX Font Info:    ... okay on input line 32.
LaTeX Font Info:    Checking defaults for OMS/cmsy/m/n on input line 32.
LaTeX Font Info:    ... okay on input line 32.
LaTeX Font Info:    Checking defaults for OMX/cmex/m/n on input line 32.
LaTeX Font Info:    ... okay on input line 32.
LaTeX Font Info:    Checking defaults for U/cmr/m/n on input line 32.
LaTeX Font Info:    ... okay on input line 32.

("C:\Program Files (x86)\MiKTeX 2.9\tex\context\base\supp-pdf.mkii"
[Loading MPS to PDF converter (version 2006.09.02).]
\scratchcounter=\count96
\scratchdimen=\dimen115
\scratchbox=\box29
\nofMPsegments=\count97
\nofMParguments=\count98
\everyMPshowfont=\toks24
\MPscratchCnt=\count99
\MPscratchDim=\dimen116
\MPnumerator=\count100
\makeMPintoPDFobject=\count101
\everyMPtoPDFconversion=\toks25
)
*geometry* driver: auto-detecting
*geometry* detected driver: pdftex
*geometry* verbose mode - [ preamble ] result:
* driver: pdftex
* paper: <default>
* layout: <same size as paper>
* layoutoffset:(h,v)=(0.0pt,0.0pt)
* modes: 
* h-part:(L,W,R)=(99.58464pt, 426.79135pt, 71.13188pt)
* v-part:(T,H,B)=(71.13188pt, 702.78308pt, 71.13188pt)
* \paperwidth=597.50787pt
* \paperheight=845.04684pt
* \textwidth=426.79135pt
* \textheight=702.78308pt
* \oddsidemargin=27.31465pt
* \evensidemargin=27.31465pt
* \topmargin=-33.0119pt
* \headheight=12.0pt
* \headsep=19.8738pt
* \topskip=12.0pt
* \footskip=30.0pt
* \marginparwidth=38.0pt
* \marginparsep=7.0pt
* \columnsep=10.0pt
* \skip\footins=10.8pt plus 4.0pt minus 2.0pt
* \hoffset=0.0pt
* \voffset=0.0pt
* \mag=1000
* \@twocolumnfalse
* \@twosidefalse
* \@mparswitchfalse
* \@reversemarginfalse
* (1in=72.27pt=25.4mm, 1cm=28.453pt)

("C:\Program Files (x86)\MiKTeX 2.9\tex\latex\ucs\ucsencs.def"
File: ucsencs.def 2011/01/21 Fixes to fontencodings LGR, T3
)

Package ucs Warning: ***************************
(ucs)                You seem to have loaded inputencoding utf8
(ucs)                (LaTeX kernel UTF-8) instead of utf8x (ucs.sty UTF-8).
(ucs)                Probably you are compiling a document written for a
(ucs)                pre-august-2004 ucs.sty.
(ucs)                ***************************
(ucs)                Please use \usepackage[utf8x]{inputenc} instead of
(ucs)                \usepackage[utf8]{inputenc}.
(ucs)                ***************************
(ucs)                If you should really want to use ucs.sty and kernel's
(ucs)                utf8.def together, use \usepackage[utf8x,utf8]{inputenc}
(ucs)                to disable compatibility mode
(ucs)                ***************************
(ucs)                Activating compatibility mode.
(ucs)                ***************************
(ucs)                 on input line 32.

("C:\Program Files (x86)\MiKTeX 2.9\tex\latex\ucs\utf8x.def"
File: utf8x.def 2004/10/17 UCS: Input encoding UTF-8
)
LaTeX Font Info:    External font `cmex10' loaded for size
(Font)              <12> on input line 36.
LaTeX Font Info:    External font `cmex10' loaded for size
(Font)              <8> on input line 36.
LaTeX Font Info:    External font `cmex10' loaded for size
(Font)              <6> on input line 36.

<pics/eltecimerszines.jpg, id=1, 1333.98375pt x 1333.98375pt>
File: pics/eltecimerszines.jpg Graphic file (type jpg)

<use pics/eltecimerszines.jpg>
Package pdftex.def Info: pics/eltecimerszines.jpg used on input line 36.
(pdftex.def)             Requested size: 113.81102pt x 113.80438pt.

("C:\Program Files (x86)\MiKTeX 2.9\tex\latex\ucs\uni-0.def"
File: uni-0.def 2013/05/13 UCS: Unicode data U+0000..U+00FF
)
("C:\Program Files (x86)\MiKTeX 2.9\tex\latex\ucs\uni-1.def"
File: uni-1.def 2013/05/13 UCS: Unicode data U+0100..U+01FF
) [1



{C:/ProgramData/MiKTeX/2.9/pdftex/config/pdftex.map} <C:/Users/MPeter/git2/SRTN
LGRTHMS/DOCUMENTATION/pics/eltecimerszines.jpg>]
(C:\Users\MPeter\git2\SRTNLGRTHMS\DOCUMENTATION\THESIS.toc [1

])
\tf@toc=\write3


Package Fancyhdr Warning: \headheight is too small (12.0pt): 
 Make it at least 14.61858pt.
 We now make it that large for the rest of the document.
 This may cause the page layout to be inconsistent, however.

[2]
1. fejezet.
[1


] [2]
2. fejezet.

LaTeX Warning: `h' float specifier changed to `ht'.

[3

] <pics/setup.png, id=29, 384.6872pt x 297.36093pt>
File: pics/setup.png Graphic file (type png)
 <use pics/setup.png>
Package pdftex.def Info: pics/setup.png used on input line 122.
(pdftex.def)             Requested size: 256.07741pt x 197.96033pt.

[4]
Overfull \hbox (311.51271pt too wide) in paragraph at lines 125--125
\T1/cmr/m/n/12 könyv-tárba szük-sé-ges na-vi-gálni: \T1/cmr/bx/n/12 C:\Felhaszn
álók\{Felhasználói név}\AppData\Local\SRTNGLGRTHMS\SRTNGLGRTHMS.exe 
 []

LaTeX Font Info:    Try loading font information for T1+cmtt on input line 130.

("C:\Program Files (x86)\MiKTeX 2.9\tex\latex\base\t1cmtt.fd"
File: t1cmtt.fd 1999/05/25 v2.5h Standard LaTeX font definitions
)
<pics/mainmenu.png, id=34, 344.03531pt x 216.81pt>
File: pics/mainmenu.png Graphic file (type png)
 <use pics/mainmenu.png>
Package pdftex.def Info: pics/mainmenu.png used on input line 142.
(pdftex.def)             Requested size: 298.75264pt x 188.27249pt.

[5 <C:/Users/MPeter/git2/SRTNLGRTHMS/DOCUMENTATION/pics/setup.png>]
<pics/about.png, id=39, 280.79906pt x 213.04594pt>
File: pics/about.png Graphic file (type png)
 <use pics/about.png>
Package pdftex.def Info: pics/about.png used on input line 151.
(pdftex.def)             Requested size: 213.39568pt x 161.90683pt.

[6 <C:/Users/MPeter/git2/SRTNLGRTHMS/DOCUMENTATION/pics/mainmenu.png> <C:/Users
/MPeter/git2/SRTNLGRTHMS/DOCUMENTATION/pics/about.png>]
<pics/manualinput.png, id=43, 335.00156pt x 117.43875pt>
File: pics/manualinput.png Graphic file (type png)

<use pics/manualinput.png>
Package pdftex.def Info: pics/manualinput.png used on input line 171.
(pdftex.def)             Requested size: 256.07741pt x 89.77045pt.

<pics/randominput.png, id=44, 338.01282pt x 155.07938pt>
File: pics/randominput.png Graphic file (type png)

<use pics/randominput.png>
Package pdftex.def Info: pics/randominput.png used on input line 180.
(pdftex.def)             Requested size: 256.07741pt x 117.49002pt.
 [7 <C:/Users/MPeter/git2/SRTNLGRTHMS/DOCUMENTATION/pics/manualinput.png>] <pic
s/fileinput.png, id=48, 470.50781pt x 325.96782pt>
File: pics/fileinput.png Graphic file (type png)

<use pics/fileinput.png>
Package pdftex.def Info: pics/fileinput.png used on input line 196.
(pdftex.def)             Requested size: 256.07741pt x 177.41267pt.

<pics/fileinput_error.png, id=49, 345.54094pt x 219.06844pt>
File: pics/fileinput_error.png Graphic file (type png)

<use pics/fileinput_error.png>
Package pdftex.def Info: pics/fileinput_error.png used on input line 202.
(pdftex.def)             Requested size: 256.07741pt x 162.35211pt.
 [8 <C:/Users/MPeter/git2/SRTNLGRTHMS/DOCUMENTATION/pics/randominput.png> <C:/U
sers/MPeter/git2/SRTNLGRTHMS/DOCUMENTATION/pics/fileinput.png>] <pics/mainpanel
.png, id=53, 733.23938pt x 434.37282pt>
File: pics/mainpanel.png Graphic file (type png)

<use pics/mainpanel.png>
Package pdftex.def Info: pics/mainpanel.png used on input line 210.
(pdftex.def)             Requested size: 341.43437pt x 202.26627pt.
 [9 <C:/Users/MPeter/git2/SRTNLGRTHMS/DOCUMENTATION/pics/fileinput_error.png> <
C:/Users/MPeter/git2/SRTNLGRTHMS/DOCUMENTATION/pics/mainpanel.png>] <pics/watch
panel.png, id=59, 733.99219pt x 435.12563pt>
File: pics/watchpanel.png Graphic file (type png)

<use pics/watchpanel.png>
Package pdftex.def Info: pics/watchpanel.png used on input line 226.
(pdftex.def)             Requested size: 341.43437pt x 202.411pt.
 [10] [11 <C:/Users/MPeter/git2/SRTNLGRTHMS/DOCUMENTATION/pics/watchpanel.png>]
LaTeX Font Info:    External font `cmex10' loaded for size
(Font)              <24.88> on input line 252.
LaTeX Font Info:    External font `cmex10' loaded for size
(Font)              <20.74> on input line 252.
LaTeX Font Info:    External font `cmex10' loaded for size
(Font)              <17.28> on input line 252.

<pics/benchmarkpanel.png, id=67, 733.23938pt x 435.12563pt>
File: pics/benchmarkpanel.png Graphic file (type png)

<use pics/benchmarkpanel.png>
Package pdftex.def Info: pics/benchmarkpanel.png used on input line 264.
(pdftex.def)             Requested size: 341.43437pt x 202.61682pt.
 [12] [13 <C:/Users/MPeter/git2/SRTNLGRTHMS/DOCUMENTATION/pics/benchmarkpanel.p
ng>]
<pics/bubble.jpg, id=74, 3283.26625pt x 938.50626pt>
File: pics/bubble.jpg Graphic file (type jpg)
 <use pics/bubble.jpg>
Package pdftex.def Info: pics/bubble.jpg used on input line 290.
(pdftex.def)             Requested size: 426.79135pt x 121.99577pt.

[14 <C:/Users/MPeter/git2/SRTNLGRTHMS/DOCUMENTATION/pics/bubble.jpg>] [15]
<pics/insertion.jpg, id=84, 3287.28125pt x 941.5175pt>
File: pics/insertion.jpg Graphic file (type jpg)

<use pics/insertion.jpg>
Package pdftex.def Info: pics/insertion.jpg used on input line 314.
(pdftex.def)             Requested size: 426.79135pt x 122.22917pt.
 [16 <C:/Users/MPeter/git2/SRTNLGRTHMS/DOCUMENTATION/pics/insertion.jpg>] [17] 
<pics/shell.jpg, id=95, 3287.28125pt x 939.51pt>
File: pics/shell.jpg Graphic file (type jpg)

<use pics/shell.jpg>
Package pdftex.def Info: pics/shell.jpg used on input line 351.
(pdftex.def)             Requested size: 426.79135pt x 121.96855pt.
 [18 <C:/Users/MPeter/git2/SRTNLGRTHMS/DOCUMENTATION/pics/shell.jpg>]
Overfull \hbox (7.2802pt too wide) in paragraph at lines 371--372
\T1/cmr/m/n/12 Gyakorlatilag szét-vá-lasz-tást esz-kö-zö-lünk, mely-nek ered-mé
-nye-képp a ki-vá-lasz-tott elem-
 []

<pics/quick.jpg, id=99, 3283.26625pt x 936.49875pt>
File: pics/quick.jpg Graphic file (type jpg)
 <use pics/quick.jpg>
Package pdftex.def Info: pics/quick.jpg used on input line 377.
(pdftex.def)             Requested size: 426.79135pt x 121.73482pt.

[19 <C:/Users/MPeter/git2/SRTNLGRTHMS/DOCUMENTATION/pics/quick.jpg>] [20]
<pics/heap.jpg, id=106, 3283.26625pt x 932.48375pt>
File: pics/heap.jpg Graphic file (type jpg)
 <use pics/heap.jpg>
Package pdftex.def Info: pics/heap.jpg used on input line 406.
(pdftex.def)             Requested size: 426.79135pt x 121.2129pt.

[21 <C:/Users/MPeter/git2/SRTNLGRTHMS/DOCUMENTATION/pics/heap.jpg>]
<pics/tournament.jpg, id=110, 3275.23625pt x 930.47626pt>
File: pics/tournament.jpg Graphic file (type jpg)

<use pics/tournament.jpg>
Package pdftex.def Info: pics/tournament.jpg used on input line 426.
(pdftex.def)             Requested size: 426.79135pt x 121.23592pt.
 [22 <C:/Users/MPeter/git2/SRTNLGRTHMS/DOCUMENTATION/pics/tournament.jpg>] [23]

<pics/radixforward.jpg, id=118, 3275.23625pt x 932.48375pt>
File: pics/radixforward.jpg Graphic file (type jpg)

<use pics/radixforward.jpg>
Package pdftex.def Info: pics/radixforward.jpg used on input line 448.
(pdftex.def)             Requested size: 426.79135pt x 121.49748pt.

Overfull \hbox (0.15163pt too wide) in paragraph at lines 461--461
[]\T1/cmr/m/n/12 Az el®z® al-go-rit-mus-tól el-té-r®en már nem hely-ben ren-dez
, az el-já-rás-nak két tömbre
 []

[24 <C:/Users/MPeter/git2/SRTNLGRTHMS/DOCUMENTATION/pics/radixforward.jpg>]
<pics/radixbackward.jpg, id=122, 2457.18pt x 932.48375pt>
File: pics/radixbackward.jpg Graphic file (type jpg)

<use pics/radixbackward.jpg>
Package pdftex.def Info: pics/radixbackward.jpg used on input line 467.
(pdftex.def)             Requested size: 426.79135pt x 161.96344pt.
 [25 <C:/Users/MPeter/git2/SRTNLGRTHMS/DOCUMENTATION/pics/radixbackward.jpg>] [
26]
3. fejezet.

Overfull \hbox (0.89848pt too wide) in paragraph at lines 483--484
[]\T1/cmr/m/n/12 A prog-ram-nak há-rom jól el-kü-lö-nül® kom-po-nens-b®l kell á
ll-nia: Egy lo-gi-kai(modell)
 []

[27

] [28] [29] [30]
4. fejezet.

Underfull \hbox (badness 2486) in paragraph at lines 565--568
[]\T1/cmr/m/n/12 Dr. Fe-kete Ist-ván: \T1/cmr/m/it/12 Al-go-rit-mu-sok és adat-
szer-ke-ze-tek I. jegy-zet\T1/cmr/m/n/12 ,
 []

("C:\Program Files (x86)\MiKTeX 2.9\tex\latex\ucs\uni-32.def"
File: uni-32.def 2013/05/13 UCS: Unicode data U+2000..U+20FF
)
Underfull \hbox (badness 4726) in paragraph at lines 587--591
\T1/cmr/m/it/12 Are The Top 100 Lib-ra-ries in Java, JS and Ruby\T1/cmr/m/n/12 
, [ON-
 []


Underfull \hbox (badness 10000) in paragraph at lines 587--591
\T1/cmr/m/n/12 LINE] [Hi-vat-kozva: 2015.04.30] $\T1/cmtt/m/n/12 http : / / blo
g . takipi . com /$
 []


Underfull \hbox (badness 10000) in paragraph at lines 587--591
$\T1/cmtt/m/n/12 we-[]analyzed-[]30000-[]github-[]projects-[]here-[]are-[]the-[
]top-[]100$
 []

[31

] [32] (C:\Users\MPeter\git2\SRTNLGRTHMS\DOCUMENTATION\THESIS.aux) ) 
Here is how much of TeX's memory you used:
 5396 strings out of 493921
 68717 string characters out of 3144874
 132988 words of memory out of 3000000
 8585 multiletter control sequences out of 15000+200000
 16289 words of font info for 42 fonts, out of 3000000 for 9000
 841 hyphenation exceptions out of 8191
 34i,12n,43p,995b,680s stack positions out of 5000i,500n,10000p,200000b,50000s
 <C:\Users\
MPeter\AppData\Local\MiKTeX\2.9\fonts\pk\ljfour\jknappen\ec\dpi600\ectt1200.pk>
 <C:\Users\MPeter\AppData\Local\MiKTeX\2.9\fonts\pk\ljfour\jknappen\ec\dpi600\e
cbx1440.pk> <C:\Users\MPeter\AppData\Local\MiKTeX\2.9\fonts\pk\ljfour\jknappen\
ec\dpi600\ecti1200.pk> <C:\Users\MPeter\AppData\Local\MiKTeX\2.9\fonts\pk\ljfou
r\jknappen\ec\dpi600\ecbx1728.pk> <C:\Users\MPeter\AppData\Local\MiKTeX\2.9\fon
ts\pk\ljfour\jknappen\ec\dpi600\ecbx1200.pk> <C:\Users\MPeter\AppData\Local\MiK
TeX\2.9\fonts\pk\ljfour\jknappen\ec\dpi600\ecbx2488.pk> <C:\Users\MPeter\AppDat
a\Local\MiKTeX\2.9\fonts\pk\ljfour\jknappen\ec\dpi600\ecrm2488.pk> <C:\Users\MP
eter\AppData\Local\MiKTeX\2.9\fonts\pk\ljfour\jknappen\ec\dpi600\ecrm1200.pk><C
:/Program Files (x86)/MiKTeX 2.9/fonts/type1/public/amsfonts/cm/cmex10.pfb><C:/
Program Files (x86)/MiKTeX 2.9/fonts/type1/public/amsfonts/cm/cmmi12.pfb><C:/Pr
ogram Files (x86)/MiKTeX 2.9/fonts/type1/public/amsfonts/cm/cmmi8.pfb><C:/Progr
am Files (x86)/MiKTeX 2.9/fonts/type1/public/amsfonts/cm/cmr12.pfb><C:/Program 
Files (x86)/MiKTeX 2.9/fonts/type1/public/amsfonts/cm/cmr6.pfb><C:/Program File
s (x86)/MiKTeX 2.9/fonts/type1/public/amsfonts/cm/cmr8.pfb><C:/Program Files (x
86)/MiKTeX 2.9/fonts/type1/public/amsfonts/cm/cmsy10.pfb>
Output written on THESIS.pdf (35 pages, 3708324 bytes).
PDF statistics:
 620 PDF objects out of 1000 (max. 8388607)
 0 named destinations out of 1000 (max. 500000)
 96 words of extra memory for PDF output out of 10000 (max. 10000000)

